<?xml version="1.0" encoding="UTF-8"?>
<!-- Generated by org.testng.reporters.JUnitReportReporter -->
<testsuite hostname="DESKTOP-U4D6HB2" failures="0" tests="2" name="testNGPracice.ActitimePOMPFTestClassWithTestNGAnnotation" time="3.651" errors="0" timestamp="2022-03-25T23:54:05 IST" skipped="0">
  <testcase classname="testNGPracice.ActitimePOMPFTestClassWithTestNGAnnotation" name="bclickTask" time="2.055"/>
  <system-out/>
  <testcase classname="testNGPracice.ActitimePOMPFTestClassWithTestNGAnnotation" name="avrifyLogo" time="1.596"/>
  <system-out/>
</testsuite> <!-- testNGPracice.ActitimePOMPFTestClassWithTestNGAnnotation -->
