<?xml version="1.0" encoding="UTF-8"?>
<!-- Generated by org.testng.reporters.JUnitReportReporter -->
<testsuite hostname="DESKTOP-U4D6HB2" failures="0" tests="5" name="testNGPracice.Keyword4enabled" time="0.008" errors="0" timestamp="2022-03-25T23:54:05 IST" skipped="1">
  <testcase classname="testNGPracice.Keyword4enabled" name="pu4" time="0.002"/>
  <system-out/>
  <testcase classname="testNGPracice.Keyword4enabled" name="pu1" time="0.002"/>
  <system-out/>
  <testcase classname="testNGPracice.Keyword4enabled" name="pu5" time="0.003"/>
  <system-out/>
  <testcase classname="testNGPracice.Keyword4enabled" name="pu3" time="0.001"/>
  <system-out/>
  <testcase classname="testNGPracice.Keyword4enabled" name="pu2">
    <skipped/>
  </testcase> <!-- pu2 -->
  <system-out/>
</testsuite> <!-- testNGPracice.Keyword4enabled -->
