<?xml version="1.0" encoding="UTF-8"?>
<!-- Generated by org.testng.reporters.JUnitReportReporter -->
<testsuite hostname="DESKTOP-U4D6HB2" failures="0" tests="5" name="testNGPracice.Keyword2Priority" time="0.009" errors="0" timestamp="2022-03-25T23:54:05 IST" skipped="0">
  <testcase classname="testNGPracice.Keyword2Priority" name="mno" time="0.002"/>
  <system-out/>
  <testcase classname="testNGPracice.Keyword2Priority" name="pqr" time="0.003"/>
  <system-out/>
  <testcase classname="testNGPracice.Keyword2Priority" name="xyz" time="0.001"/>
  <system-out/>
  <testcase classname="testNGPracice.Keyword2Priority" name="def" time="0.001"/>
  <system-out/>
  <testcase classname="testNGPracice.Keyword2Priority" name="abc" time="0.002"/>
  <system-out/>
</testsuite> <!-- testNGPracice.Keyword2Priority -->
