<?xml version="1.0" encoding="UTF-8"?>
<!-- Generated by org.testng.reporters.JUnitReportReporter -->
<testsuite hostname="DESKTOP-U4D6HB2" failures="0" tests="5" name="testNGPracice.Keyword2" time="0.006" errors="0" timestamp="2022-03-25T23:54:05 IST" skipped="0">
  <testcase classname="testNGPracice.Keyword2" name="pqr" time="0.001"/>
  <system-out/>
  <testcase classname="testNGPracice.Keyword2" name="mno" time="0.001"/>
  <system-out/>
  <testcase classname="testNGPracice.Keyword2" name="xyz" time="0.001"/>
  <system-out/>
  <testcase classname="testNGPracice.Keyword2" name="abc" time="0.002"/>
  <system-out/>
  <testcase classname="testNGPracice.Keyword2" name="def" time="0.001"/>
  <system-out/>
</testsuite> <!-- testNGPracice.Keyword2 -->
