<?xml version="1.0" encoding="UTF-8"?>
<!-- Generated by org.testng.reporters.JUnitReportReporter -->
<testsuite hostname="DESKTOP-U4D6HB2" failures="0" tests="1" name="testNGgrouping.TestNGRegularExpression" time="0.011" errors="0" timestamp="2022-03-26T08:56:45 IST" skipped="0">
  <testcase classname="testNGgrouping.TestNGRegularExpression" name="w15" time="0.011"/>
  <system-out/>
</testsuite> <!-- testNGgrouping.TestNGRegularExpression -->
