<?xml version="1.0" encoding="UTF-8"?>
<!-- Generated by org.testng.reporters.JUnitReportReporter -->
<testsuite hostname="DESKTOP-U4D6HB2" failures="0" tests="2" name="testNGgrouping.TestNGgrouping1" time="0.016" errors="0" timestamp="2022-03-26T08:55:40 IST" skipped="0">
  <testcase classname="testNGgrouping.TestNGgrouping1" name="w11" time="0.013"/>
  <system-out/>
  <testcase classname="testNGgrouping.TestNGgrouping1" name="w12" time="0.003"/>
  <system-out/>
</testsuite> <!-- testNGgrouping.TestNGgrouping1 -->
