<?xml version="1.0" encoding="UTF-8"?>
<!-- Generated by org.testng.reporters.JUnitReportReporter -->
<testsuite hostname="DESKTOP-U4D6HB2" failures="0" tests="9" name="testNGPracice.TestSuite2" time="0.032" errors="0" timestamp="2022-03-25T23:54:05 IST" skipped="0">
  <testcase classname="testNGPracice.TestSuite2" name="r12" time="0.002"/>
  <system-out/>
  <testcase classname="testNGPracice.TestSuite2" name="r19" time="0.002"/>
  <system-out/>
  <testcase classname="testNGPracice.TestSuite2" name="r18" time="0.004"/>
  <system-out/>
  <testcase classname="testNGPracice.TestSuite2" name="r11" time="0.003"/>
  <system-out/>
  <testcase classname="testNGPracice.TestSuite2" name="r16" time="0.007"/>
  <system-out/>
  <testcase classname="testNGPracice.TestSuite2" name="r17" time="0.002"/>
  <system-out/>
  <testcase classname="testNGPracice.TestSuite2" name="r15" time="0.007"/>
  <system-out/>
  <testcase classname="testNGPracice.TestSuite2" name="r13" time="0.002"/>
  <system-out/>
  <testcase classname="testNGPracice.TestSuite2" name="r14" time="0.003"/>
  <system-out/>
</testsuite> <!-- testNGPracice.TestSuite2 -->
