<?xml version="1.0" encoding="UTF-8"?>
<!-- Generated by org.testng.reporters.JUnitReportReporter -->
<testsuite hostname="DESKTOP-U4D6HB2" failures="0" tests="5" name="testNGPracice.Keyword1" time="0.019" errors="0" timestamp="24 Mar 2022 20:08:21 GMT" skipped="0">
  <testcase classname="testNGPracice.Keyword1" name="abc" time="0.012"/>
  <testcase classname="testNGPracice.Keyword1" name="mno" time="0.002"/>
  <testcase classname="testNGPracice.Keyword1" name="pqr" time="0.001"/>
  <testcase classname="testNGPracice.Keyword1" name="xyz" time="0.001"/>
  <testcase classname="testNGPracice.Keyword1" name="def" time="0.003"/>
</testsuite> <!-- testNGPracice.Keyword1 -->
