<?xml version="1.0" encoding="UTF-8"?>
<!-- Generated by org.testng.reporters.JUnitReportReporter -->
<testsuite hostname="DESKTOP-U4D6HB2" failures="0" tests="14" name="testNGPracice.Keyword3Priority" time="0.042" errors="0" timestamp="2022-03-25T08:47:31 IST" skipped="1">
  <testcase classname="testNGPracice.Keyword3Priority" name="pu1" time="0.013"/>
  <system-out/>
  <testcase classname="testNGPracice.Keyword3Priority" name="pu1" time="0.003"/>
  <system-out/>
  <testcase classname="testNGPracice.Keyword3Priority" name="pu1" time="0.002"/>
  <system-out/>
  <testcase classname="testNGPracice.Keyword3Priority" name="pu3" time="0.002"/>
  <system-out/>
  <testcase classname="testNGPracice.Keyword3Priority" name="pu1" time="0.003"/>
  <system-out/>
  <testcase classname="testNGPracice.Keyword3Priority" name="pu4" time="0.002"/>
  <system-out/>
  <testcase classname="testNGPracice.Keyword3Priority" name="pu1" time="0.001"/>
  <system-out/>
  <testcase classname="testNGPracice.Keyword3Priority" name="pu1" time="0.002"/>
  <system-out/>
  <testcase classname="testNGPracice.Keyword3Priority" name="pu1" time="0.002"/>
  <system-out/>
  <testcase classname="testNGPracice.Keyword3Priority" name="pu1" time="0.003"/>
  <system-out/>
  <testcase classname="testNGPracice.Keyword3Priority" name="pu5" time="0.003"/>
  <system-out/>
  <testcase classname="testNGPracice.Keyword3Priority" name="pu1" time="0.003"/>
  <system-out/>
  <testcase classname="testNGPracice.Keyword3Priority" name="pu1" time="0.003"/>
  <system-out/>
  <testcase classname="testNGPracice.Keyword3Priority" name="pu2">
    <skipped/>
  </testcase> <!-- pu2 -->
  <system-out/>
</testsuite> <!-- testNGPracice.Keyword3Priority -->
