<?xml version="1.0" encoding="UTF-8"?>
<!-- Generated by org.testng.reporters.JUnitReportReporter -->
<testsuite hostname="DESKTOP-U4D6HB2" failures="0" tests="3" name="testNGgrouping.TestNGMetaGrouping" time="0.016" errors="0" timestamp="2022-03-26T08:55:05 IST" skipped="0">
  <testcase classname="testNGgrouping.TestNGMetaGrouping" name="w12" time="0.002"/>
  <system-out/>
  <testcase classname="testNGgrouping.TestNGMetaGrouping" name="w15" time="0.003"/>
  <system-out/>
  <testcase classname="testNGgrouping.TestNGMetaGrouping" name="w11" time="0.011"/>
  <system-out/>
</testsuite> <!-- testNGgrouping.TestNGMetaGrouping -->
