<?xml version="1.0" encoding="UTF-8"?>
<!-- Generated by org.testng.reporters.JUnitReportReporter -->
<testsuite hostname="DESKTOP-U4D6HB2" failures="0" tests="14" name="testNGPracice.Keyword3invocationCount" time="0.034" errors="0" timestamp="2022-03-25T23:54:05 IST" skipped="1">
  <testcase classname="testNGPracice.Keyword3invocationCount" name="pu1" time="0.003"/>
  <system-out/>
  <testcase classname="testNGPracice.Keyword3invocationCount" name="pu1" time="0.001"/>
  <system-out/>
  <testcase classname="testNGPracice.Keyword3invocationCount" name="pu1" time="0.004"/>
  <system-out/>
  <testcase classname="testNGPracice.Keyword3invocationCount" name="pu1" time="0.006"/>
  <system-out/>
  <testcase classname="testNGPracice.Keyword3invocationCount" name="pu1" time="0.001"/>
  <system-out/>
  <testcase classname="testNGPracice.Keyword3invocationCount" name="pu3" time="0.001"/>
  <system-out/>
  <testcase classname="testNGPracice.Keyword3invocationCount" name="pu1" time="0.001"/>
  <system-out/>
  <testcase classname="testNGPracice.Keyword3invocationCount" name="pu5" time="0.002"/>
  <system-out/>
  <testcase classname="testNGPracice.Keyword3invocationCount" name="pu4" time="0.003"/>
  <system-out/>
  <testcase classname="testNGPracice.Keyword3invocationCount" name="pu1" time="0.001"/>
  <system-out/>
  <testcase classname="testNGPracice.Keyword3invocationCount" name="pu1" time="0.002"/>
  <system-out/>
  <testcase classname="testNGPracice.Keyword3invocationCount" name="pu1" time="0.002"/>
  <system-out/>
  <testcase classname="testNGPracice.Keyword3invocationCount" name="pu1" time="0.007"/>
  <system-out/>
  <testcase classname="testNGPracice.Keyword3invocationCount" name="pu2">
    <skipped/>
  </testcase> <!-- pu2 -->
  <system-out/>
</testsuite> <!-- testNGPracice.Keyword3invocationCount -->
