<?xml version="1.0" encoding="UTF-8"?>
<!-- Generated by org.testng.reporters.JUnitReportReporter -->
<testsuite hostname="DESKTOP-U4D6HB2" failures="0" tests="2" name="testNGPracice.Annotation" time="0.019" errors="0" timestamp="2022-03-25T23:54:05 IST" skipped="0">
  <testcase classname="testNGPracice.Annotation" name="test2" time="0.002"/>
  <system-out/>
  <testcase classname="testNGPracice.Annotation" name="test1" time="0.017"/>
  <system-out/>
</testsuite> <!-- testNGPracice.Annotation -->
